app/build/outputs/logs/manifest-merger-debug-report.txt
-- Merging decision tree log ---
manifest
ADDED from AndroidManifest.xml:2:1
	package
		ADDED from AndroidManifest.xml:4:5
		INJECTED from AndroidManifest.xml:0:0
		INJECTED from AndroidManifest.xml:0:0
	android:versionName
		INJECTED from AndroidManifest.xml:0:0
		INJECTED from AndroidManifest.xml:0:0
	xmlns:tools
		ADDED from AndroidManifest.xml:3:5
	xmlns:android
		ADDED from AndroidManifest.xml:2:11
	android:versionCode
		INJECTED from AndroidManifest.xml:0:0
		INJECTED from AndroidManifest.xml:0:0
uses-permission#android.permission.WAKE_LOCK
ADDED from AndroidManifest.xml:6:5
	android:name
		ADDED from AndroidManifest.xml:6:22
uses-permission#android.permission.WRITE_EXTERNAL_STORAGE
ADDED from AndroidManifest.xml:7:5
	android:name
		ADDED from AndroidManifest.xml:7:22
uses-permission#android.permission.READ_EXTERNAL_STORAGE
ADDED from AndroidManifest.xml:8:5
	android:name
		ADDED from AndroidManifest.xml:8:22
application
ADDED from AndroidManifest.xml:10:5
MERGED from com.android.support:support-v4:23.0.1:22:5
MERGED from com.android.support:appcompat-v7:22.2.0:22:5
MERGED from com.android.support:support-v4:23.0.1:22:5
MERGED from com.android.support:support-v13:22.1.1:22:5
MERGED from com.android.support:support-v4:23.0.1:22:5
MERGED from com.android.support:support-v4:23.0.1:22:5
MERGED from com.android.support:cardview-v7:22.2.0:22:5
MERGED from com.sothree.slidinguppanel:library:3.0.0:9:5
MERGED from com.android.support:support-v4:23.0.1:22:5
MERGED from com.github.satyan:sugar:1.3:11:5
MERGED from com.ikimuhendis:ldrawer:0.1:11:5
MERGED from com.android.support:support-v4:23.0.1:22:5
MERGED from com.amulyakhare:com.amulyakhare.textdrawable:1.0.1:12:5
MERGED from de.hdodenhof:circleimageview:1.2.1:9:5
MERGED from com.github.navasmdc:MaterialDesign:1.5:11:5
MERGED from com.android.support:support-v4:23.0.1:22:5
MERGED from com.jpardogo.materialtabstrip:library:1.1.0:9:5
MERGED from com.android.support:support-v4:23.0.1:22:5
MERGED from com.android.support:appcompat-v7:22.2.0:22:5
MERGED from com.android.support:support-v4:23.0.1:22:5
MERGED from com.android.support:support-v4:23.0.1:22:5
MERGED from com.android.support:support-v4:23.0.1:22:5
MERGED from com.android.support:cardview-v7:22.2.0:22:5
	android:label
		ADDED from AndroidManifest.xml:14:9
	android:allowBackup
		ADDED from AndroidManifest.xml:12:9
	android:icon
		ADDED from AndroidManifest.xml:13:9
		REJECTED from com.github.satyan:sugar:1.3:13:9
	android:largeHeap
		ADDED from AndroidManifest.xml:16:9
	android:theme
		ADDED from AndroidManifest.xml:15:9
	tools:replace
		ADDED from AndroidManifest.xml:17:9
	android:name
		ADDED from AndroidManifest.xml:11:9
activity#quartet.allegro.AllegroActivity
ADDED from AndroidManifest.xml:19:9
	android:screenOrientation
		ADDED from AndroidManifest.xml:21:13
	android:label
		ADDED from AndroidManifest.xml:22:13
	android:name
		ADDED from AndroidManifest.xml:20:13
intent-filter#android.intent.action.MAIN+android.intent.category.LAUNCHER
ADDED from AndroidManifest.xml:23:13
action#android.intent.action.MAIN
ADDED from AndroidManifest.xml:24:17
	android:name
		ADDED from AndroidManifest.xml:24:25
category#android.intent.category.LAUNCHER
ADDED from AndroidManifest.xml:25:17
	android:name
		ADDED from AndroidManifest.xml:25:27
receiver#quartet.allegro.ui.widget.PlayerControlWidgetProvider
ADDED from AndroidManifest.xml:29:9
	android:name
		ADDED from AndroidManifest.xml:29:19
intent-filter#android.appwidget.action.APPWIDGET_UPDATE
ADDED from AndroidManifest.xml:30:13
action#android.appwidget.action.APPWIDGET_UPDATE
ADDED from AndroidManifest.xml:31:17
	android:name
		ADDED from AndroidManifest.xml:31:25
meta-data#android.appwidget.provider
ADDED from AndroidManifest.xml:33:13
	android:resource
		ADDED from AndroidManifest.xml:34:17
	android:name
		ADDED from AndroidManifest.xml:33:24
service#quartet.allegro.bone.EargasmService
ADDED from AndroidManifest.xml:37:9
	android:enabled
		ADDED from AndroidManifest.xml:39:13
	android:exported
		ADDED from AndroidManifest.xml:40:13
	android:name
		ADDED from AndroidManifest.xml:38:13
meta-data#DATABASE
ADDED from AndroidManifest.xml:43:9
	android:value
		ADDED from AndroidManifest.xml:45:13
	android:name
		ADDED from AndroidManifest.xml:44:13
meta-data#VERSION
ADDED from AndroidManifest.xml:46:9
	android:value
		ADDED from AndroidManifest.xml:48:13
	android:name
		ADDED from AndroidManifest.xml:47:13
meta-data#QUERY_LOG
ADDED from AndroidManifest.xml:49:9
	android:value
		ADDED from AndroidManifest.xml:51:13
	android:name
		ADDED from AndroidManifest.xml:50:13
meta-data#DOMAIN_PACKAGE_NAME
ADDED from AndroidManifest.xml:52:9
	android:value
		ADDED from AndroidManifest.xml:54:13
	android:name
		ADDED from AndroidManifest.xml:53:13
uses-sdk
INJECTED from AndroidManifest.xml:0:0 reason: use-sdk injection requested
MERGED from com.android.support:support-v4:23.0.1:20:5
MERGED from com.android.support:appcompat-v7:22.2.0:20:5
MERGED from com.android.support:support-v4:23.0.1:20:5
MERGED from com.android.support:support-v13:22.1.1:20:5
MERGED from com.android.support:support-v4:23.0.1:20:5
MERGED from com.android.support:recyclerview-v7:23.0.1:20:5
MERGED from com.android.support:support-v4:23.0.1:20:5
MERGED from com.android.support:cardview-v7:22.2.0:20:5
MERGED from com.sothree.slidinguppanel:library:3.0.0:7:5
MERGED from com.android.support:support-v4:23.0.1:20:5
MERGED from com.github.satyan:sugar:1.3:7:5
MERGED from com.ikimuhendis:ldrawer:0.1:7:5
MERGED from com.android.support:support-v4:23.0.1:20:5
MERGED from com.amulyakhare:com.amulyakhare.textdrawable:1.0.1:8:5
MERGED from de.hdodenhof:circleimageview:1.2.1:5:5
MERGED from com.github.navasmdc:MaterialDesign:1.5:7:5
MERGED from com.github.florent37:materialviewpager:1.0.5:7:5
MERGED from com.github.ksoichiro:android-observablescrollview:1.5.2:21:5
MERGED from com.android.support:recyclerview-v7:23.0.1:20:5
MERGED from com.android.support:support-v4:23.0.1:20:5
MERGED from com.jpardogo.materialtabstrip:library:1.1.0:5:5
MERGED from com.android.support:support-v4:23.0.1:20:5
MERGED from com.android.support:appcompat-v7:22.2.0:20:5
MERGED from com.android.support:support-v4:23.0.1:20:5
MERGED from com.android.support:support-v4:23.0.1:20:5
MERGED from com.android.support:recyclerview-v7:23.0.1:20:5
MERGED from com.android.support:support-v4:23.0.1:20:5
MERGED from com.android.support:cardview-v7:22.2.0:20:5
	android:targetSdkVersion
		INJECTED from AndroidManifest.xml:0:0
		INJECTED from AndroidManifest.xml:0:0
	android:minSdkVersion
		INJECTED from AndroidManifest.xml:0:0
		INJECTED from AndroidManifest.xml:0:0